<?xml version="1.0" encoding="UTF-8"?>
<!-- Generated by org.testng.reporters.JUnitXMLReporter -->
<testsuite hostname="B0311-Stephen" name="myTests" tests="4" failures="0" timestamp="19 Jul 2016 14:28:01 GMT" time="30.09" errors="0">
  <testcase name="method" time="7.614" classname="my.samples.searchGoogleTest"/>
  <testcase name="method" time="6.638" classname="my.samples.searchGoogleTest"/>
  <testcase name="method" time="7.661" classname="my.samples.searchGoogleTest"/>
  <testcase name="method" time="8.158" classname="my.samples.searchGoogleTest"/>
</testsuite> <!-- myTests -->
