<?xml version="1.0" encoding="UTF-8"?>
<!-- Generated by org.testng.reporters.JUnitXMLReporter -->
<testsuite hostname="B0311-Stephen" name="Command line test" tests="4" failures="0" timestamp="19 Jul 2016 14:22:16 GMT" time="32.29" errors="0">
  <testcase name="method" time="9.405" classname="my.samples.searchGoogleTest"/>
  <testcase name="method" time="7.448" classname="my.samples.searchGoogleTest"/>
  <testcase name="method" time="7.446" classname="my.samples.searchGoogleTest"/>
  <testcase name="method" time="7.971" classname="my.samples.searchGoogleTest"/>
</testsuite> <!-- Command line test -->
