<?xml version="1.0" encoding="UTF-8"?>
<testng-results skipped="0" failed="0" total="4" passed="4">
  <reporter-output>
  </reporter-output>
  <suite name="mySuite" duration-ms="30090" started-at="2016-07-19T14:27:31Z" finished-at="2016-07-19T14:28:01Z">
    <groups>
    </groups>
    <test name="myTests" duration-ms="30090" started-at="2016-07-19T14:27:31Z" finished-at="2016-07-19T14:28:01Z">
      <class name="my.samples.searchGoogleTest">
        <test-method status="PASS" signature="method(java.lang.String)[pri:0, instance:my.samples.searchGoogleTest@17f6480]" name="method" duration-ms="7614" started-at="2016-07-19T22:27:31Z" data-provider="myTest" finished-at="2016-07-19T22:27:39Z">
          <params>
            <param index="0">
              <value>
                <![CDATA[Cleveland Cavaliers]]>
              </value>
            </param>
          </params>
          <reporter-output>
          </reporter-output>
        </test-method> <!-- method -->
        <test-method status="PASS" signature="method(java.lang.String)[pri:0, instance:my.samples.searchGoogleTest@17f6480]" name="method" duration-ms="6638" started-at="2016-07-19T22:27:39Z" data-provider="myTest" finished-at="2016-07-19T22:27:45Z">
          <params>
            <param index="0">
              <value>
                <![CDATA[Pokemon Go]]>
              </value>
            </param>
          </params>
          <reporter-output>
          </reporter-output>
        </test-method> <!-- method -->
        <test-method status="PASS" signature="method(java.lang.String)[pri:0, instance:my.samples.searchGoogleTest@17f6480]" name="method" duration-ms="7661" started-at="2016-07-19T22:27:45Z" data-provider="myTest" finished-at="2016-07-19T22:27:53Z">
          <params>
            <param index="0">
              <value>
                <![CDATA[Cuyahoga Valley]]>
              </value>
            </param>
          </params>
          <reporter-output>
          </reporter-output>
        </test-method> <!-- method -->
        <test-method status="PASS" signature="method(java.lang.String)[pri:0, instance:my.samples.searchGoogleTest@17f6480]" name="method" duration-ms="8158" started-at="2016-07-19T22:27:53Z" data-provider="myTest" finished-at="2016-07-19T22:28:01Z">
          <params>
            <param index="0">
              <value>
                <![CDATA[Blue Moon]]>
              </value>
            </param>
          </params>
          <reporter-output>
          </reporter-output>
        </test-method> <!-- method -->
      </class> <!-- my.samples.searchGoogleTest -->
    </test> <!-- myTests -->
  </suite> <!-- mySuite -->
</testng-results>
